<?xml version="1.0" encoding="UTF-8"?>
<!-- Generated by org.testng.reporters.JUnitReportReporter -->
<testsuite hostname="DESKTOP-0JIUMC0" failures="0" tests="1" name="com.ttgg.test.test" time="24.692" errors="0" timestamp="26 Jun 2018 05:13:39 GMT">
  <testcase classname="com.ttgg.test.test" name="rightClickMouse" time="24.692"/>
</testsuite> <!-- com.ttgg.test.test -->
